  main.cpp
C:\Users\MOMINUR\Desktop\Tanvir\texture\sphere.h(177,26): warning C4244: 'initializing': conversion from 'double' to 'float', possible loss of data
C:\Users\MOMINUR\Desktop\Tanvir\texture\sphere.h(178,25): warning C4244: 'initializing': conversion from 'double' to 'float', possible loss of data
C:\Users\MOMINUR\Desktop\Tanvir\texture\sphere.h(180,26): warning C4244: 'initializing': conversion from 'double' to 'float', possible loss of data
C:\Users\MOMINUR\Desktop\Tanvir\texture\Sphere2.h(189,26): warning C4244: 'initializing': conversion from 'double' to 'float', possible loss of data
C:\Users\MOMINUR\Desktop\Tanvir\texture\Sphere2.h(190,25): warning C4244: 'initializing': conversion from 'double' to 'float', possible loss of data
C:\Users\MOMINUR\Desktop\Tanvir\texture\Sphere2.h(192,26): warning C4244: 'initializing': conversion from 'double' to 'float', possible loss of data
C:\Users\MOMINUR\Desktop\Tanvir\texture\Sphere2.h(269,26): warning C4244: 'initializing': conversion from 'double' to 'float', possible loss of data
C:\Users\MOMINUR\Desktop\Tanvir\texture\Sphere2.h(270,25): warning C4244: 'initializing': conversion from 'double' to 'float', possible loss of data
C:\Users\MOMINUR\Desktop\Tanvir\texture\Sphere2.h(274,30): warning C4244: 'initializing': conversion from 'double' to 'float', possible loss of data
C:\Users\MOMINUR\Desktop\Tanvir\texture\Sphere2.h(325,26): warning C4244: 'initializing': conversion from 'double' to 'float', possible loss of data
C:\Users\MOMINUR\Desktop\Tanvir\texture\Sphere2.h(326,25): warning C4244: 'initializing': conversion from 'double' to 'float', possible loss of data
C:\Users\MOMINUR\Desktop\Tanvir\texture\Sphere2.h(331,33): warning C4244: '=': conversion from 'double' to 'float', possible loss of data
C:\Users\MOMINUR\Desktop\Tanvir\texture\main.cpp(106,2): warning C4305: 'initializing': truncation from 'double' to '_Ty'
          with
          [
              _Ty=float
          ]
C:\Users\MOMINUR\Desktop\Tanvir\texture\main.cpp(106,10): warning C4305: 'initializing': truncation from 'double' to '_Ty'
          with
          [
              _Ty=float
          ]
C:\Users\MOMINUR\Desktop\Tanvir\texture\main.cpp(106,18): warning C4305: 'initializing': truncation from 'double' to '_Ty'
          with
          [
              _Ty=float
          ]
C:\Users\MOMINUR\Desktop\Tanvir\texture\main.cpp(107,2): warning C4305: 'initializing': truncation from 'double' to '_Ty'
          with
          [
              _Ty=float
          ]
C:\Users\MOMINUR\Desktop\Tanvir\texture\main.cpp(107,10): warning C4305: 'initializing': truncation from 'double' to '_Ty'
          with
          [
              _Ty=float
          ]
C:\Users\MOMINUR\Desktop\Tanvir\texture\main.cpp(107,18): warning C4305: 'initializing': truncation from 'double' to '_Ty'
          with
          [
              _Ty=float
          ]
C:\Users\MOMINUR\Desktop\Tanvir\texture\main.cpp(108,2): warning C4305: 'initializing': truncation from 'double' to '_Ty'
          with
          [
              _Ty=float
          ]
C:\Users\MOMINUR\Desktop\Tanvir\texture\main.cpp(108,10): warning C4305: 'initializing': truncation from 'double' to '_Ty'
          with
          [
              _Ty=float
          ]
C:\Users\MOMINUR\Desktop\Tanvir\texture\main.cpp(108,18): warning C4305: 'initializing': truncation from 'double' to '_Ty'
          with
          [
              _Ty=float
          ]
C:\Users\MOMINUR\Desktop\Tanvir\texture\main.cpp(109,2): warning C4305: 'initializing': truncation from 'double' to '_Ty'
          with
          [
              _Ty=float
          ]
C:\Users\MOMINUR\Desktop\Tanvir\texture\main.cpp(109,10): warning C4305: 'initializing': truncation from 'double' to '_Ty'
          with
          [
              _Ty=float
          ]
C:\Users\MOMINUR\Desktop\Tanvir\texture\main.cpp(109,18): warning C4305: 'initializing': truncation from 'double' to '_Ty'
          with
          [
              _Ty=float
          ]
C:\Users\MOMINUR\Desktop\Tanvir\texture\main.cpp(110,2): warning C4305: 'initializing': truncation from 'double' to '_Ty'
          with
          [
              _Ty=float
          ]
C:\Users\MOMINUR\Desktop\Tanvir\texture\main.cpp(110,18): warning C4305: 'initializing': truncation from 'double' to '_Ty'
          with
          [
              _Ty=float
          ]
C:\Users\MOMINUR\Desktop\Tanvir\texture\main.cpp(111,2): warning C4305: 'initializing': truncation from 'double' to '_Ty'
          with
          [
              _Ty=float
          ]
C:\Users\MOMINUR\Desktop\Tanvir\texture\main.cpp(111,10): warning C4305: 'initializing': truncation from 'double' to '_Ty'
          with
          [
              _Ty=float
          ]
C:\Users\MOMINUR\Desktop\Tanvir\texture\main.cpp(111,18): warning C4305: 'initializing': truncation from 'double' to '_Ty'
          with
          [
              _Ty=float
          ]
C:\Users\MOMINUR\Desktop\Tanvir\texture\main.cpp(112,2): warning C4305: 'initializing': truncation from 'double' to '_Ty'
          with
          [
              _Ty=float
          ]
C:\Users\MOMINUR\Desktop\Tanvir\texture\main.cpp(112,10): warning C4305: 'initializing': truncation from 'double' to '_Ty'
          with
          [
              _Ty=float
          ]
C:\Users\MOMINUR\Desktop\Tanvir\texture\main.cpp(112,18): warning C4305: 'initializing': truncation from 'double' to '_Ty'
          with
          [
              _Ty=float
          ]
C:\Users\MOMINUR\Desktop\Tanvir\texture\main.cpp(113,2): warning C4305: 'initializing': truncation from 'double' to '_Ty'
          with
          [
              _Ty=float
          ]
C:\Users\MOMINUR\Desktop\Tanvir\texture\main.cpp(113,10): warning C4305: 'initializing': truncation from 'double' to '_Ty'
          with
          [
              _Ty=float
          ]
C:\Users\MOMINUR\Desktop\Tanvir\texture\main.cpp(113,18): warning C4305: 'initializing': truncation from 'double' to '_Ty'
          with
          [
              _Ty=float
          ]
C:\Users\MOMINUR\Desktop\Tanvir\texture\main.cpp(114,2): warning C4305: 'initializing': truncation from 'double' to '_Ty'
          with
          [
              _Ty=float
          ]
C:\Users\MOMINUR\Desktop\Tanvir\texture\main.cpp(114,10): warning C4305: 'initializing': truncation from 'double' to '_Ty'
          with
          [
              _Ty=float
          ]
C:\Users\MOMINUR\Desktop\Tanvir\texture\main.cpp(114,18): warning C4305: 'initializing': truncation from 'double' to '_Ty'
          with
          [
              _Ty=float
          ]
C:\Users\MOMINUR\Desktop\Tanvir\texture\main.cpp(115,2): warning C4305: 'initializing': truncation from 'double' to '_Ty'
          with
          [
              _Ty=float
          ]
C:\Users\MOMINUR\Desktop\Tanvir\texture\main.cpp(115,10): warning C4305: 'initializing': truncation from 'double' to '_Ty'
          with
          [
              _Ty=float
          ]
C:\Users\MOMINUR\Desktop\Tanvir\texture\main.cpp(115,18): warning C4305: 'initializing': truncation from 'double' to '_Ty'
          with
          [
              _Ty=float
          ]
C:\Users\MOMINUR\Desktop\Tanvir\texture\main.cpp(116,2): warning C4305: 'initializing': truncation from 'double' to '_Ty'
          with
          [
              _Ty=float
          ]
C:\Users\MOMINUR\Desktop\Tanvir\texture\main.cpp(116,10): warning C4305: 'initializing': truncation from 'double' to '_Ty'
          with
          [
              _Ty=float
          ]
C:\Users\MOMINUR\Desktop\Tanvir\texture\main.cpp(116,18): warning C4305: 'initializing': truncation from 'double' to '_Ty'
          with
          [
              _Ty=float
          ]
C:\Users\MOMINUR\Desktop\Tanvir\texture\main.cpp(117,2): warning C4305: 'initializing': truncation from 'double' to '_Ty'
          with
          [
              _Ty=float
          ]
C:\Users\MOMINUR\Desktop\Tanvir\texture\main.cpp(117,10): warning C4305: 'initializing': truncation from 'double' to '_Ty'
          with
          [
              _Ty=float
          ]
C:\Users\MOMINUR\Desktop\Tanvir\texture\main.cpp(117,18): warning C4305: 'initializing': truncation from 'double' to '_Ty'
          with
          [
              _Ty=float
          ]
C:\Users\MOMINUR\Desktop\Tanvir\texture\main.cpp(118,2): warning C4305: 'initializing': truncation from 'double' to '_Ty'
          with
          [
              _Ty=float
          ]
C:\Users\MOMINUR\Desktop\Tanvir\texture\main.cpp(118,10): warning C4305: 'initializing': truncation from 'double' to '_Ty'
          with
          [
              _Ty=float
          ]
C:\Users\MOMINUR\Desktop\Tanvir\texture\main.cpp(118,18): warning C4305: 'initializing': truncation from 'double' to '_Ty'
          with
          [
              _Ty=float
          ]
C:\Users\MOMINUR\Desktop\Tanvir\texture\main.cpp(119,2): warning C4305: 'initializing': truncation from 'double' to '_Ty'
          with
          [
              _Ty=float
          ]
C:\Users\MOMINUR\Desktop\Tanvir\texture\main.cpp(119,10): warning C4305: 'initializing': truncation from 'double' to '_Ty'
          with
          [
              _Ty=float
          ]
C:\Users\MOMINUR\Desktop\Tanvir\texture\main.cpp(119,18): warning C4305: 'initializing': truncation from 'double' to '_Ty'
          with
          [
              _Ty=float
          ]
C:\Users\MOMINUR\Desktop\Tanvir\texture\main.cpp(120,2): warning C4305: 'initializing': truncation from 'double' to '_Ty'
          with
          [
              _Ty=float
          ]
C:\Users\MOMINUR\Desktop\Tanvir\texture\main.cpp(120,10): warning C4305: 'initializing': truncation from 'double' to '_Ty'
          with
          [
              _Ty=float
          ]
C:\Users\MOMINUR\Desktop\Tanvir\texture\main.cpp(120,18): warning C4305: 'initializing': truncation from 'double' to '_Ty'
          with
          [
              _Ty=float
          ]
C:\Users\MOMINUR\Desktop\Tanvir\texture\main.cpp(121,2): warning C4305: 'initializing': truncation from 'double' to '_Ty'
          with
          [
              _Ty=float
          ]
C:\Users\MOMINUR\Desktop\Tanvir\texture\main.cpp(121,10): warning C4305: 'initializing': truncation from 'double' to '_Ty'
          with
          [
              _Ty=float
          ]
C:\Users\MOMINUR\Desktop\Tanvir\texture\main.cpp(121,18): warning C4305: 'initializing': truncation from 'double' to '_Ty'
          with
          [
              _Ty=float
          ]
C:\Users\MOMINUR\Desktop\Tanvir\texture\main.cpp(122,2): warning C4305: 'initializing': truncation from 'double' to '_Ty'
          with
          [
              _Ty=float
          ]
C:\Users\MOMINUR\Desktop\Tanvir\texture\main.cpp(122,10): warning C4305: 'initializing': truncation from 'double' to '_Ty'
          with
          [
              _Ty=float
          ]
C:\Users\MOMINUR\Desktop\Tanvir\texture\main.cpp(122,18): warning C4305: 'initializing': truncation from 'double' to '_Ty'
          with
          [
              _Ty=float
          ]
C:\Users\MOMINUR\Desktop\Tanvir\texture\main.cpp(123,2): warning C4305: 'initializing': truncation from 'double' to '_Ty'
          with
          [
              _Ty=float
          ]
C:\Users\MOMINUR\Desktop\Tanvir\texture\main.cpp(123,10): warning C4305: 'initializing': truncation from 'double' to '_Ty'
          with
          [
              _Ty=float
          ]
C:\Users\MOMINUR\Desktop\Tanvir\texture\main.cpp(123,18): warning C4305: 'initializing': truncation from 'double' to '_Ty'
          with
          [
              _Ty=float
          ]
C:\Users\MOMINUR\Desktop\Tanvir\texture\main.cpp(128,2): warning C4305: 'initializing': truncation from 'double' to '_Ty'
          with
          [
              _Ty=float
          ]
C:\Users\MOMINUR\Desktop\Tanvir\texture\main.cpp(128,10): warning C4305: 'initializing': truncation from 'double' to '_Ty'
          with
          [
              _Ty=float
          ]
C:\Users\MOMINUR\Desktop\Tanvir\texture\main.cpp(128,18): warning C4305: 'initializing': truncation from 'double' to '_Ty'
          with
          [
              _Ty=float
          ]
C:\Users\MOMINUR\Desktop\Tanvir\texture\main.cpp(129,2): warning C4305: 'initializing': truncation from 'double' to '_Ty'
          with
          [
              _Ty=float
          ]
C:\Users\MOMINUR\Desktop\Tanvir\texture\main.cpp(129,10): warning C4305: 'initializing': truncation from 'double' to '_Ty'
          with
          [
              _Ty=float
          ]
C:\Users\MOMINUR\Desktop\Tanvir\texture\main.cpp(129,18): warning C4305: 'initializing': truncation from 'double' to '_Ty'
          with
          [
              _Ty=float
          ]
C:\Users\MOMINUR\Desktop\Tanvir\texture\main.cpp(130,2): warning C4305: 'initializing': truncation from 'double' to '_Ty'
          with
          [
              _Ty=float
          ]
C:\Users\MOMINUR\Desktop\Tanvir\texture\main.cpp(130,10): warning C4305: 'initializing': truncation from 'double' to '_Ty'
          with
          [
              _Ty=float
          ]
C:\Users\MOMINUR\Desktop\Tanvir\texture\main.cpp(130,18): warning C4305: 'initializing': truncation from 'double' to '_Ty'
          with
          [
              _Ty=float
          ]
C:\Users\MOMINUR\Desktop\Tanvir\texture\main.cpp(131,2): warning C4305: 'initializing': truncation from 'double' to '_Ty'
          with
          [
              _Ty=float
          ]
C:\Users\MOMINUR\Desktop\Tanvir\texture\main.cpp(131,10): warning C4305: 'initializing': truncation from 'double' to '_Ty'
          with
          [
              _Ty=float
          ]
C:\Users\MOMINUR\Desktop\Tanvir\texture\main.cpp(131,18): warning C4305: 'initializing': truncation from 'double' to '_Ty'
          with
          [
              _Ty=float
          ]
C:\Users\MOMINUR\Desktop\Tanvir\texture\main.cpp(132,2): warning C4305: 'initializing': truncation from 'double' to '_Ty'
          with
          [
              _Ty=float
          ]
C:\Users\MOMINUR\Desktop\Tanvir\texture\main.cpp(132,10): warning C4305: 'initializing': truncation from 'double' to '_Ty'
          with
          [
              _Ty=float
          ]
C:\Users\MOMINUR\Desktop\Tanvir\texture\main.cpp(132,18): warning C4305: 'initializing': truncation from 'double' to '_Ty'
          with
          [
              _Ty=float
          ]
C:\Users\MOMINUR\Desktop\Tanvir\texture\main.cpp(133,2): warning C4305: 'initializing': truncation from 'double' to '_Ty'
          with
          [
              _Ty=float
          ]
C:\Users\MOMINUR\Desktop\Tanvir\texture\main.cpp(133,10): warning C4305: 'initializing': truncation from 'double' to '_Ty'
          with
          [
              _Ty=float
          ]
C:\Users\MOMINUR\Desktop\Tanvir\texture\main.cpp(133,18): warning C4305: 'initializing': truncation from 'double' to '_Ty'
          with
          [
              _Ty=float
          ]
C:\Users\MOMINUR\Desktop\Tanvir\texture\main.cpp(134,2): warning C4305: 'initializing': truncation from 'double' to '_Ty'
          with
          [
              _Ty=float
          ]
C:\Users\MOMINUR\Desktop\Tanvir\texture\main.cpp(134,18): warning C4305: 'initializing': truncation from 'double' to '_Ty'
          with
          [
              _Ty=float
          ]
C:\Users\MOMINUR\Desktop\Tanvir\texture\main.cpp(135,2): warning C4305: 'initializing': truncation from 'double' to '_Ty'
          with
          [
              _Ty=float
          ]
C:\Users\MOMINUR\Desktop\Tanvir\texture\main.cpp(135,10): warning C4305: 'initializing': truncation from 'double' to '_Ty'
          with
          [
              _Ty=float
          ]
C:\Users\MOMINUR\Desktop\Tanvir\texture\main.cpp(135,18): warning C4305: 'initializing': truncation from 'double' to '_Ty'
          with
          [
              _Ty=float
          ]
C:\Users\MOMINUR\Desktop\Tanvir\texture\main.cpp(136,2): warning C4305: 'initializing': truncation from 'double' to '_Ty'
          with
          [
              _Ty=float
          ]
C:\Users\MOMINUR\Desktop\Tanvir\texture\main.cpp(136,10): warning C4305: 'initializing': truncation from 'double' to '_Ty'
          with
          [
              _Ty=float
          ]
C:\Users\MOMINUR\Desktop\Tanvir\texture\main.cpp(136,18): warning C4305: 'initializing': truncation from 'double' to '_Ty'
          with
          [
              _Ty=float
          ]
C:\Users\MOMINUR\Desktop\Tanvir\texture\main.cpp(137,2): warning C4305: 'initializing': truncation from 'double' to '_Ty'
          with
          [
              _Ty=float
          ]
C:\Users\MOMINUR\Desktop\Tanvir\texture\main.cpp(137,10): warning C4305: 'initializing': truncation from 'double' to '_Ty'
          with
          [
              _Ty=float
          ]
C:\Users\MOMINUR\Desktop\Tanvir\texture\main.cpp(137,18): warning C4305: 'initializing': truncation from 'double' to '_Ty'
          with
          [
              _Ty=float
          ]
C:\Users\MOMINUR\Desktop\Tanvir\texture\main.cpp(138,2): warning C4305: 'initializing': truncation from 'double' to '_Ty'
          with
          [
              _Ty=float
          ]
C:\Users\MOMINUR\Desktop\Tanvir\texture\main.cpp(138,18): warning C4305: 'initializing': truncation from 'double' to '_Ty'
          with
          [
              _Ty=float
          ]
C:\Users\MOMINUR\Desktop\Tanvir\texture\main.cpp(139,2): warning C4305: 'initializing': truncation from 'double' to '_Ty'
          with
          [
              _Ty=float
          ]
C:\Users\MOMINUR\Desktop\Tanvir\texture\main.cpp(139,10): warning C4305: 'initializing': truncation from 'double' to '_Ty'
          with
          [
              _Ty=float
          ]
C:\Users\MOMINUR\Desktop\Tanvir\texture\main.cpp(139,18): warning C4305: 'initializing': truncation from 'double' to '_Ty'
          with
          [
              _Ty=float
          ]
C:\Users\MOMINUR\Desktop\Tanvir\texture\main.cpp(140,2): warning C4305: 'initializing': truncation from 'double' to '_Ty'
          with
          [
              _Ty=float
          ]
C:\Users\MOMINUR\Desktop\Tanvir\texture\main.cpp(140,10): warning C4305: 'initializing': truncation from 'double' to '_Ty'
          with
          [
              _Ty=float
          ]
C:\Users\MOMINUR\Desktop\Tanvir\texture\main.cpp(140,18): warning C4305: 'initializing': truncation from 'double' to '_Ty'
          with
          [
              _Ty=float
          ]
C:\Users\MOMINUR\Desktop\Tanvir\texture\main.cpp(141,2): warning C4305: 'initializing': truncation from 'double' to '_Ty'
          with
          [
              _Ty=float
          ]
C:\Users\MOMINUR\Desktop\Tanvir\texture\main.cpp(141,10): warning C4305: 'initializing': truncation from 'double' to '_Ty'
          with
          [
              _Ty=float
          ]
C:\Users\MOMINUR\Desktop\Tanvir\texture\main.cpp(141,18): warning C4305: 'initializing': truncation from 'double' to '_Ty'
          with
          [
              _Ty=float
          ]
C:\Users\MOMINUR\Desktop\Tanvir\texture\main.cpp(142,2): warning C4305: 'initializing': truncation from 'double' to '_Ty'
          with
          [
              _Ty=float
          ]
C:\Users\MOMINUR\Desktop\Tanvir\texture\main.cpp(142,10): warning C4305: 'initializing': truncation from 'double' to '_Ty'
          with
          [
              _Ty=float
          ]
C:\Users\MOMINUR\Desktop\Tanvir\texture\main.cpp(142,18): warning C4305: 'initializing': truncation from 'double' to '_Ty'
          with
          [
              _Ty=float
          ]
C:\Users\MOMINUR\Desktop\Tanvir\texture\main.cpp(143,2): warning C4305: 'initializing': truncation from 'double' to '_Ty'
          with
          [
              _Ty=float
          ]
C:\Users\MOMINUR\Desktop\Tanvir\texture\main.cpp(143,10): warning C4305: 'initializing': truncation from 'double' to '_Ty'
          with
          [
              _Ty=float
          ]
C:\Users\MOMINUR\Desktop\Tanvir\texture\main.cpp(143,18): warning C4305: 'initializing': truncation from 'double' to '_Ty'
          with
          [
              _Ty=float
          ]
C:\Users\MOMINUR\Desktop\Tanvir\texture\main.cpp(144,2): warning C4305: 'initializing': truncation from 'double' to '_Ty'
          with
          [
              _Ty=float
          ]
C:\Users\MOMINUR\Desktop\Tanvir\texture\main.cpp(144,10): warning C4305: 'initializing': truncation from 'double' to '_Ty'
          with
          [
              _Ty=float
          ]
C:\Users\MOMINUR\Desktop\Tanvir\texture\main.cpp(144,18): warning C4305: 'initializing': truncation from 'double' to '_Ty'
          with
          [
              _Ty=float
          ]
C:\Users\MOMINUR\Desktop\Tanvir\texture\main.cpp(145,2): warning C4305: 'initializing': truncation from 'double' to '_Ty'
          with
          [
              _Ty=float
          ]
C:\Users\MOMINUR\Desktop\Tanvir\texture\main.cpp(145,10): warning C4305: 'initializing': truncation from 'double' to '_Ty'
          with
          [
              _Ty=float
          ]
C:\Users\MOMINUR\Desktop\Tanvir\texture\main.cpp(145,18): warning C4305: 'initializing': truncation from 'double' to '_Ty'
          with
          [
              _Ty=float
          ]
C:\Users\MOMINUR\Desktop\Tanvir\texture\main.cpp(146,2): warning C4305: 'initializing': truncation from 'double' to '_Ty'
          with
          [
              _Ty=float
          ]
C:\Users\MOMINUR\Desktop\Tanvir\texture\main.cpp(146,10): warning C4305: 'initializing': truncation from 'double' to '_Ty'
          with
          [
              _Ty=float
          ]
C:\Users\MOMINUR\Desktop\Tanvir\texture\main.cpp(146,18): warning C4305: 'initializing': truncation from 'double' to '_Ty'
          with
          [
              _Ty=float
          ]
C:\Users\MOMINUR\Desktop\Tanvir\texture\main.cpp(147,2): warning C4305: 'initializing': truncation from 'double' to '_Ty'
          with
          [
              _Ty=float
          ]
C:\Users\MOMINUR\Desktop\Tanvir\texture\main.cpp(147,10): warning C4305: 'initializing': truncation from 'double' to '_Ty'
          with
          [
              _Ty=float
          ]
C:\Users\MOMINUR\Desktop\Tanvir\texture\main.cpp(147,18): warning C4305: 'initializing': truncation from 'double' to '_Ty'
          with
          [
              _Ty=float
          ]
C:\Users\MOMINUR\Desktop\Tanvir\texture\main.cpp(148,2): warning C4305: 'initializing': truncation from 'double' to '_Ty'
          with
          [
              _Ty=float
          ]
C:\Users\MOMINUR\Desktop\Tanvir\texture\main.cpp(148,10): warning C4305: 'initializing': truncation from 'double' to '_Ty'
          with
          [
              _Ty=float
          ]
C:\Users\MOMINUR\Desktop\Tanvir\texture\main.cpp(148,18): warning C4305: 'initializing': truncation from 'double' to '_Ty'
          with
          [
              _Ty=float
          ]
C:\Users\MOMINUR\Desktop\Tanvir\texture\main.cpp(149,2): warning C4305: 'initializing': truncation from 'double' to '_Ty'
          with
          [
              _Ty=float
          ]
C:\Users\MOMINUR\Desktop\Tanvir\texture\main.cpp(149,10): warning C4305: 'initializing': truncation from 'double' to '_Ty'
          with
          [
              _Ty=float
          ]
C:\Users\MOMINUR\Desktop\Tanvir\texture\main.cpp(149,18): warning C4305: 'initializing': truncation from 'double' to '_Ty'
          with
          [
              _Ty=float
          ]
C:\Users\MOMINUR\Desktop\Tanvir\texture\main.cpp(150,2): warning C4305: 'initializing': truncation from 'double' to '_Ty'
          with
          [
              _Ty=float
          ]
C:\Users\MOMINUR\Desktop\Tanvir\texture\main.cpp(150,10): warning C4305: 'initializing': truncation from 'double' to '_Ty'
          with
          [
              _Ty=float
          ]
C:\Users\MOMINUR\Desktop\Tanvir\texture\main.cpp(150,18): warning C4305: 'initializing': truncation from 'double' to '_Ty'
          with
          [
              _Ty=float
          ]
C:\Users\MOMINUR\Desktop\Tanvir\texture\main.cpp(151,2): warning C4305: 'initializing': truncation from 'double' to '_Ty'
          with
          [
              _Ty=float
          ]
C:\Users\MOMINUR\Desktop\Tanvir\texture\main.cpp(151,10): warning C4305: 'initializing': truncation from 'double' to '_Ty'
          with
          [
              _Ty=float
          ]
C:\Users\MOMINUR\Desktop\Tanvir\texture\main.cpp(151,18): warning C4305: 'initializing': truncation from 'double' to '_Ty'
          with
          [
              _Ty=float
          ]
C:\Users\MOMINUR\Desktop\Tanvir\texture\main.cpp(152,2): warning C4305: 'initializing': truncation from 'double' to '_Ty'
          with
          [
              _Ty=float
          ]
C:\Users\MOMINUR\Desktop\Tanvir\texture\main.cpp(152,10): warning C4305: 'initializing': truncation from 'double' to '_Ty'
          with
          [
              _Ty=float
          ]
C:\Users\MOMINUR\Desktop\Tanvir\texture\main.cpp(152,18): warning C4305: 'initializing': truncation from 'double' to '_Ty'
          with
          [
              _Ty=float
          ]
C:\Users\MOMINUR\Desktop\Tanvir\texture\main.cpp(153,2): warning C4305: 'initializing': truncation from 'double' to '_Ty'
          with
          [
              _Ty=float
          ]
C:\Users\MOMINUR\Desktop\Tanvir\texture\main.cpp(153,10): warning C4305: 'initializing': truncation from 'double' to '_Ty'
          with
          [
              _Ty=float
          ]
C:\Users\MOMINUR\Desktop\Tanvir\texture\main.cpp(153,18): warning C4305: 'initializing': truncation from 'double' to '_Ty'
          with
          [
              _Ty=float
          ]
C:\Users\MOMINUR\Desktop\Tanvir\texture\main.cpp(154,2): warning C4305: 'initializing': truncation from 'double' to '_Ty'
          with
          [
              _Ty=float
          ]
C:\Users\MOMINUR\Desktop\Tanvir\texture\main.cpp(154,10): warning C4305: 'initializing': truncation from 'double' to '_Ty'
          with
          [
              _Ty=float
          ]
C:\Users\MOMINUR\Desktop\Tanvir\texture\main.cpp(154,18): warning C4305: 'initializing': truncation from 'double' to '_Ty'
          with
          [
              _Ty=float
          ]
C:\Users\MOMINUR\Desktop\Tanvir\texture\main.cpp(155,2): warning C4305: 'initializing': truncation from 'double' to '_Ty'
          with
          [
              _Ty=float
          ]
C:\Users\MOMINUR\Desktop\Tanvir\texture\main.cpp(155,10): warning C4305: 'initializing': truncation from 'double' to '_Ty'
          with
          [
              _Ty=float
          ]
C:\Users\MOMINUR\Desktop\Tanvir\texture\main.cpp(155,18): warning C4305: 'initializing': truncation from 'double' to '_Ty'
          with
          [
              _Ty=float
          ]
C:\Users\MOMINUR\Desktop\Tanvir\texture\main.cpp(156,2): warning C4305: 'initializing': truncation from 'double' to '_Ty'
          with
          [
              _Ty=float
          ]
C:\Users\MOMINUR\Desktop\Tanvir\texture\main.cpp(156,10): warning C4305: 'initializing': truncation from 'double' to '_Ty'
          with
          [
              _Ty=float
          ]
C:\Users\MOMINUR\Desktop\Tanvir\texture\main.cpp(156,18): warning C4305: 'initializing': truncation from 'double' to '_Ty'
          with
          [
              _Ty=float
          ]
C:\Users\MOMINUR\Desktop\Tanvir\texture\main.cpp(157,2): warning C4305: 'initializing': truncation from 'double' to '_Ty'
          with
          [
              _Ty=float
          ]
C:\Users\MOMINUR\Desktop\Tanvir\texture\main.cpp(157,10): warning C4305: 'initializing': truncation from 'double' to '_Ty'
          with
          [
              _Ty=float
          ]
C:\Users\MOMINUR\Desktop\Tanvir\texture\main.cpp(157,18): warning C4305: 'initializing': truncation from 'double' to '_Ty'
          with
          [
              _Ty=float
          ]
C:\Users\MOMINUR\Desktop\Tanvir\texture\main.cpp(158,2): warning C4305: 'initializing': truncation from 'double' to '_Ty'
          with
          [
              _Ty=float
          ]
C:\Users\MOMINUR\Desktop\Tanvir\texture\main.cpp(158,10): warning C4305: 'initializing': truncation from 'double' to '_Ty'
          with
          [
              _Ty=float
          ]
C:\Users\MOMINUR\Desktop\Tanvir\texture\main.cpp(158,18): warning C4305: 'initializing': truncation from 'double' to '_Ty'
          with
          [
              _Ty=float
          ]
C:\Users\MOMINUR\Desktop\Tanvir\texture\main.cpp(159,2): warning C4305: 'initializing': truncation from 'double' to '_Ty'
          with
          [
              _Ty=float
          ]
C:\Users\MOMINUR\Desktop\Tanvir\texture\main.cpp(159,10): warning C4305: 'initializing': truncation from 'double' to '_Ty'
          with
          [
              _Ty=float
          ]
C:\Users\MOMINUR\Desktop\Tanvir\texture\main.cpp(159,18): warning C4305: 'initializing': truncation from 'double' to '_Ty'
          with
          [
              _Ty=float
          ]
C:\Users\MOMINUR\Desktop\Tanvir\texture\main.cpp(160,2): warning C4305: 'initializing': truncation from 'double' to '_Ty'
          with
          [
              _Ty=float
          ]
C:\Users\MOMINUR\Desktop\Tanvir\texture\main.cpp(160,10): warning C4305: 'initializing': truncation from 'double' to '_Ty'
          with
          [
              _Ty=float
          ]
C:\Users\MOMINUR\Desktop\Tanvir\texture\main.cpp(160,18): warning C4305: 'initializing': truncation from 'double' to '_Ty'
          with
          [
              _Ty=float
          ]
C:\Users\MOMINUR\Desktop\Tanvir\texture\main.cpp(161,2): warning C4305: 'initializing': truncation from 'double' to '_Ty'
          with
          [
              _Ty=float
          ]
C:\Users\MOMINUR\Desktop\Tanvir\texture\main.cpp(161,10): warning C4305: 'initializing': truncation from 'double' to '_Ty'
          with
          [
              _Ty=float
          ]
C:\Users\MOMINUR\Desktop\Tanvir\texture\main.cpp(161,18): warning C4305: 'initializing': truncation from 'double' to '_Ty'
          with
          [
              _Ty=float
          ]
C:\Users\MOMINUR\Desktop\Tanvir\texture\main.cpp(162,2): warning C4305: 'initializing': truncation from 'double' to '_Ty'
          with
          [
              _Ty=float
          ]
C:\Users\MOMINUR\Desktop\Tanvir\texture\main.cpp(162,10): warning C4305: 'initializing': truncation from 'double' to '_Ty'
          with
          [
              _Ty=float
          ]
C:\Users\MOMINUR\Desktop\Tanvir\texture\main.cpp(162,18): warning C4305: 'initializing': truncation from 'double' to '_Ty'
          with
          [
              _Ty=float
          ]
C:\Users\MOMINUR\Desktop\Tanvir\texture\main.cpp(163,2): warning C4305: 'initializing': truncation from 'double' to '_Ty'
          with
          [
              _Ty=float
          ]
C:\Users\MOMINUR\Desktop\Tanvir\texture\main.cpp(163,10): warning C4305: 'initializing': truncation from 'double' to '_Ty'
          with
          [
              _Ty=float
          ]
C:\Users\MOMINUR\Desktop\Tanvir\texture\main.cpp(163,18): warning C4305: 'initializing': truncation from 'double' to '_Ty'
          with
          [
              _Ty=float
          ]
C:\Users\MOMINUR\Desktop\Tanvir\texture\main.cpp(164,2): warning C4305: 'initializing': truncation from 'double' to '_Ty'
          with
          [
              _Ty=float
          ]
C:\Users\MOMINUR\Desktop\Tanvir\texture\main.cpp(164,10): warning C4305: 'initializing': truncation from 'double' to '_Ty'
          with
          [
              _Ty=float
          ]
C:\Users\MOMINUR\Desktop\Tanvir\texture\main.cpp(164,18): warning C4305: 'initializing': truncation from 'double' to '_Ty'
          with
          [
              _Ty=float
          ]
C:\Users\MOMINUR\Desktop\Tanvir\texture\main.cpp(165,2): warning C4305: 'initializing': truncation from 'double' to '_Ty'
          with
          [
              _Ty=float
          ]
C:\Users\MOMINUR\Desktop\Tanvir\texture\main.cpp(165,10): warning C4305: 'initializing': truncation from 'double' to '_Ty'
          with
          [
              _Ty=float
          ]
C:\Users\MOMINUR\Desktop\Tanvir\texture\main.cpp(165,18): warning C4305: 'initializing': truncation from 'double' to '_Ty'
          with
          [
              _Ty=float
          ]
C:\Users\MOMINUR\Desktop\Tanvir\texture\main.cpp(166,2): warning C4305: 'initializing': truncation from 'double' to '_Ty'
          with
          [
              _Ty=float
          ]
C:\Users\MOMINUR\Desktop\Tanvir\texture\main.cpp(166,10): warning C4305: 'initializing': truncation from 'double' to '_Ty'
          with
          [
              _Ty=float
          ]
C:\Users\MOMINUR\Desktop\Tanvir\texture\main.cpp(166,18): warning C4305: 'initializing': truncation from 'double' to '_Ty'
          with
          [
              _Ty=float
          ]
C:\Users\MOMINUR\Desktop\Tanvir\texture\main.cpp(167,2): warning C4305: 'initializing': truncation from 'double' to '_Ty'
          with
          [
              _Ty=float
          ]
C:\Users\MOMINUR\Desktop\Tanvir\texture\main.cpp(167,10): warning C4305: 'initializing': truncation from 'double' to '_Ty'
          with
          [
              _Ty=float
          ]
C:\Users\MOMINUR\Desktop\Tanvir\texture\main.cpp(167,18): warning C4305: 'initializing': truncation from 'double' to '_Ty'
          with
          [
              _Ty=float
          ]
C:\Users\MOMINUR\Desktop\Tanvir\texture\main.cpp(168,2): warning C4305: 'initializing': truncation from 'double' to '_Ty'
          with
          [
              _Ty=float
          ]
C:\Users\MOMINUR\Desktop\Tanvir\texture\main.cpp(168,10): warning C4305: 'initializing': truncation from 'double' to '_Ty'
          with
          [
              _Ty=float
          ]
C:\Users\MOMINUR\Desktop\Tanvir\texture\main.cpp(168,18): warning C4305: 'initializing': truncation from 'double' to '_Ty'
          with
          [
              _Ty=float
          ]
C:\Users\MOMINUR\Desktop\Tanvir\texture\main.cpp(169,2): warning C4305: 'initializing': truncation from 'double' to '_Ty'
          with
          [
              _Ty=float
          ]
C:\Users\MOMINUR\Desktop\Tanvir\texture\main.cpp(169,10): warning C4305: 'initializing': truncation from 'double' to '_Ty'
          with
          [
              _Ty=float
          ]
C:\Users\MOMINUR\Desktop\Tanvir\texture\main.cpp(169,18): warning C4305: 'initializing': truncation from 'double' to '_Ty'
          with
          [
              _Ty=float
          ]
C:\Users\MOMINUR\Desktop\Tanvir\texture\main.cpp(170,2): warning C4305: 'initializing': truncation from 'double' to '_Ty'
          with
          [
              _Ty=float
          ]
C:\Users\MOMINUR\Desktop\Tanvir\texture\main.cpp(170,10): warning C4305: 'initializing': truncation from 'double' to '_Ty'
          with
          [
              _Ty=float
          ]
C:\Users\MOMINUR\Desktop\Tanvir\texture\main.cpp(170,18): warning C4305: 'initializing': truncation from 'double' to '_Ty'
          with
          [
              _Ty=float
          ]
C:\Users\MOMINUR\Desktop\Tanvir\texture\main.cpp(171,10): warning C4305: 'initializing': truncation from 'double' to '_Ty'
          with
          [
              _Ty=float
          ]
C:\Users\MOMINUR\Desktop\Tanvir\texture\main.cpp(171,18): warning C4305: 'initializing': truncation from 'double' to '_Ty'
          with
          [
              _Ty=float
          ]
C:\Users\MOMINUR\Desktop\Tanvir\texture\main.cpp(224,13): warning C4305: 'initializing': truncation from 'double' to 'float'
C:\Users\MOMINUR\Desktop\Tanvir\texture\main.cpp(224,30): warning C4305: 'initializing': truncation from 'double' to 'float'
C:\Users\MOMINUR\Desktop\Tanvir\texture\main.cpp(224,47): warning C4305: 'initializing': truncation from 'double' to 'float'
C:\Users\MOMINUR\Desktop\Tanvir\texture\main.cpp(254,73): warning C4305: 'argument': truncation from 'double' to 'float'
C:\Users\MOMINUR\Desktop\Tanvir\texture\main.cpp(254,61): warning C4305: 'argument': truncation from 'double' to 'float'
C:\Users\MOMINUR\Desktop\Tanvir\texture\main.cpp(254,49): warning C4305: 'argument': truncation from 'double' to 'float'
C:\Users\MOMINUR\Desktop\Tanvir\texture\main.cpp(266,61): warning C4101: 'rotateXMatrix2': unreferenced local variable
C:\Users\MOMINUR\Desktop\Tanvir\texture\main.cpp(317,69): warning C4305: 'argument': truncation from 'double' to 'float'
C:\Users\MOMINUR\Desktop\Tanvir\texture\main.cpp(317,59): warning C4305: 'argument': truncation from 'double' to 'float'
C:\Users\MOMINUR\Desktop\Tanvir\texture\main.cpp(317,49): warning C4305: 'argument': truncation from 'double' to 'float'
C:\Users\MOMINUR\Desktop\Tanvir\texture\main.cpp(325,74): warning C4305: 'argument': truncation from 'double' to 'float'
C:\Users\MOMINUR\Desktop\Tanvir\texture\main.cpp(325,62): warning C4305: 'argument': truncation from 'double' to 'float'
C:\Users\MOMINUR\Desktop\Tanvir\texture\main.cpp(325,50): warning C4305: 'argument': truncation from 'double' to 'float'
C:\Users\MOMINUR\Desktop\Tanvir\texture\main.cpp(333,74): warning C4305: 'argument': truncation from 'double' to 'float'
C:\Users\MOMINUR\Desktop\Tanvir\texture\main.cpp(333,62): warning C4305: 'argument': truncation from 'double' to 'float'
C:\Users\MOMINUR\Desktop\Tanvir\texture\main.cpp(333,50): warning C4305: 'argument': truncation from 'double' to 'float'
C:\Users\MOMINUR\Desktop\Tanvir\texture\main.cpp(341,74): warning C4305: 'argument': truncation from 'double' to 'float'
C:\Users\MOMINUR\Desktop\Tanvir\texture\main.cpp(341,62): warning C4305: 'argument': truncation from 'double' to 'float'
C:\Users\MOMINUR\Desktop\Tanvir\texture\main.cpp(341,50): warning C4305: 'argument': truncation from 'double' to 'float'
C:\Users\MOMINUR\Desktop\Tanvir\texture\main.cpp(349,74): warning C4305: 'argument': truncation from 'double' to 'float'
C:\Users\MOMINUR\Desktop\Tanvir\texture\main.cpp(349,62): warning C4305: 'argument': truncation from 'double' to 'float'
C:\Users\MOMINUR\Desktop\Tanvir\texture\main.cpp(349,50): warning C4305: 'argument': truncation from 'double' to 'float'
C:\Users\MOMINUR\Desktop\Tanvir\texture\main.cpp(313,32): warning C4101: 'rotateXMatrix': unreferenced local variable
C:\Users\MOMINUR\Desktop\Tanvir\texture\main.cpp(313,47): warning C4101: 'rotateYMatrix': unreferenced local variable
C:\Users\MOMINUR\Desktop\Tanvir\texture\main.cpp(364,65): warning C4305: 'argument': truncation from 'double' to 'float'
C:\Users\MOMINUR\Desktop\Tanvir\texture\main.cpp(374,81): warning C4305: 'argument': truncation from 'double' to 'float'
C:\Users\MOMINUR\Desktop\Tanvir\texture\main.cpp(374,68): warning C4305: 'argument': truncation from 'double' to 'float'
C:\Users\MOMINUR\Desktop\Tanvir\texture\main.cpp(374,55): warning C4305: 'argument': truncation from 'double' to 'float'
C:\Users\MOMINUR\Desktop\Tanvir\texture\main.cpp(382,75): warning C4305: 'argument': truncation from 'double' to 'float'
C:\Users\MOMINUR\Desktop\Tanvir\texture\main.cpp(382,62): warning C4305: 'argument': truncation from 'double' to 'float'
C:\Users\MOMINUR\Desktop\Tanvir\texture\main.cpp(382,50): warning C4305: 'argument': truncation from 'double' to 'float'
C:\Users\MOMINUR\Desktop\Tanvir\texture\main.cpp(392,81): warning C4305: 'argument': truncation from 'double' to 'float'
C:\Users\MOMINUR\Desktop\Tanvir\texture\main.cpp(392,68): warning C4305: 'argument': truncation from 'double' to 'float'
C:\Users\MOMINUR\Desktop\Tanvir\texture\main.cpp(392,55): warning C4305: 'argument': truncation from 'double' to 'float'
C:\Users\MOMINUR\Desktop\Tanvir\texture\main.cpp(403,81): warning C4305: 'argument': truncation from 'double' to 'float'
C:\Users\MOMINUR\Desktop\Tanvir\texture\main.cpp(403,68): warning C4305: 'argument': truncation from 'double' to 'float'
C:\Users\MOMINUR\Desktop\Tanvir\texture\main.cpp(403,55): warning C4305: 'argument': truncation from 'double' to 'float'
C:\Users\MOMINUR\Desktop\Tanvir\texture\main.cpp(378,32): warning C4101: 'rotateXMatrix': unreferenced local variable
C:\Users\MOMINUR\Desktop\Tanvir\texture\main.cpp(378,62): warning C4101: 'rotateZMatrix': unreferenced local variable
C:\Users\MOMINUR\Desktop\Tanvir\texture\main.cpp(378,47): warning C4101: 'rotateYMatrix': unreferenced local variable
C:\Users\MOMINUR\Desktop\Tanvir\texture\main.cpp(360,36): warning C4101: 'rotateXMatrix': unreferenced local variable
C:\Users\MOMINUR\Desktop\Tanvir\texture\main.cpp(360,66): warning C4101: 'rotateZMatrix': unreferenced local variable
C:\Users\MOMINUR\Desktop\Tanvir\texture\main.cpp(360,51): warning C4101: 'rotateYMatrix': unreferenced local variable
C:\Users\MOMINUR\Desktop\Tanvir\texture\main.cpp(370,36): warning C4101: 'rotateXMatrix': unreferenced local variable
C:\Users\MOMINUR\Desktop\Tanvir\texture\main.cpp(370,66): warning C4101: 'rotateZMatrix': unreferenced local variable
C:\Users\MOMINUR\Desktop\Tanvir\texture\main.cpp(370,51): warning C4101: 'rotateYMatrix': unreferenced local variable
C:\Users\MOMINUR\Desktop\Tanvir\texture\main.cpp(387,36): warning C4101: 'rotateXMatrix': unreferenced local variable
C:\Users\MOMINUR\Desktop\Tanvir\texture\main.cpp(387,51): warning C4101: 'rotateYMatrix': unreferenced local variable
C:\Users\MOMINUR\Desktop\Tanvir\texture\main.cpp(398,36): warning C4101: 'rotateXMatrix': unreferenced local variable
C:\Users\MOMINUR\Desktop\Tanvir\texture\main.cpp(398,66): warning C4101: 'rotateZMatrix': unreferenced local variable
C:\Users\MOMINUR\Desktop\Tanvir\texture\main.cpp(398,51): warning C4101: 'rotateYMatrix': unreferenced local variable
C:\Users\MOMINUR\Desktop\Tanvir\texture\main.cpp(410,14): warning C4305: 'initializing': truncation from 'double' to 'float'
C:\Users\MOMINUR\Desktop\Tanvir\texture\main.cpp(419,65): warning C4305: 'argument': truncation from 'double' to 'float'
C:\Users\MOMINUR\Desktop\Tanvir\texture\main.cpp(429,81): warning C4305: 'argument': truncation from 'double' to 'float'
C:\Users\MOMINUR\Desktop\Tanvir\texture\main.cpp(429,68): warning C4305: 'argument': truncation from 'double' to 'float'
C:\Users\MOMINUR\Desktop\Tanvir\texture\main.cpp(429,55): warning C4305: 'argument': truncation from 'double' to 'float'
C:\Users\MOMINUR\Desktop\Tanvir\texture\main.cpp(437,75): warning C4305: 'argument': truncation from 'double' to 'float'
C:\Users\MOMINUR\Desktop\Tanvir\texture\main.cpp(437,63): warning C4305: 'argument': truncation from 'double' to 'float'
C:\Users\MOMINUR\Desktop\Tanvir\texture\main.cpp(437,50): warning C4305: 'argument': truncation from 'double' to 'float'
C:\Users\MOMINUR\Desktop\Tanvir\texture\main.cpp(448,81): warning C4305: 'argument': truncation from 'double' to 'float'
C:\Users\MOMINUR\Desktop\Tanvir\texture\main.cpp(448,68): warning C4305: 'argument': truncation from 'double' to 'float'
C:\Users\MOMINUR\Desktop\Tanvir\texture\main.cpp(448,55): warning C4305: 'argument': truncation from 'double' to 'float'
C:\Users\MOMINUR\Desktop\Tanvir\texture\main.cpp(459,81): warning C4305: 'argument': truncation from 'double' to 'float'
C:\Users\MOMINUR\Desktop\Tanvir\texture\main.cpp(459,68): warning C4305: 'argument': truncation from 'double' to 'float'
C:\Users\MOMINUR\Desktop\Tanvir\texture\main.cpp(459,55): warning C4305: 'argument': truncation from 'double' to 'float'
C:\Users\MOMINUR\Desktop\Tanvir\texture\main.cpp(433,32): warning C4101: 'rotateXMatrix': unreferenced local variable
C:\Users\MOMINUR\Desktop\Tanvir\texture\main.cpp(433,62): warning C4101: 'rotateZMatrix': unreferenced local variable
C:\Users\MOMINUR\Desktop\Tanvir\texture\main.cpp(433,47): warning C4101: 'rotateYMatrix': unreferenced local variable
C:\Users\MOMINUR\Desktop\Tanvir\texture\main.cpp(415,36): warning C4101: 'rotateXMatrix': unreferenced local variable
C:\Users\MOMINUR\Desktop\Tanvir\texture\main.cpp(415,66): warning C4101: 'rotateZMatrix': unreferenced local variable
C:\Users\MOMINUR\Desktop\Tanvir\texture\main.cpp(415,51): warning C4101: 'rotateYMatrix': unreferenced local variable
C:\Users\MOMINUR\Desktop\Tanvir\texture\main.cpp(425,36): warning C4101: 'rotateXMatrix': unreferenced local variable
C:\Users\MOMINUR\Desktop\Tanvir\texture\main.cpp(425,66): warning C4101: 'rotateZMatrix': unreferenced local variable
C:\Users\MOMINUR\Desktop\Tanvir\texture\main.cpp(425,51): warning C4101: 'rotateYMatrix': unreferenced local variable
C:\Users\MOMINUR\Desktop\Tanvir\texture\main.cpp(443,36): warning C4101: 'rotateXMatrix': unreferenced local variable
C:\Users\MOMINUR\Desktop\Tanvir\texture\main.cpp(443,51): warning C4101: 'rotateYMatrix': unreferenced local variable
C:\Users\MOMINUR\Desktop\Tanvir\texture\main.cpp(454,36): warning C4101: 'rotateXMatrix': unreferenced local variable
C:\Users\MOMINUR\Desktop\Tanvir\texture\main.cpp(454,66): warning C4101: 'rotateZMatrix': unreferenced local variable
C:\Users\MOMINUR\Desktop\Tanvir\texture\main.cpp(454,51): warning C4101: 'rotateYMatrix': unreferenced local variable
C:\Users\MOMINUR\Desktop\Tanvir\texture\main.cpp(469,36): warning C4101: 'rotateXMatrix': unreferenced local variable
C:\Users\MOMINUR\Desktop\Tanvir\texture\main.cpp(469,66): warning C4101: 'rotateZMatrix': unreferenced local variable
C:\Users\MOMINUR\Desktop\Tanvir\texture\main.cpp(469,51): warning C4101: 'rotateYMatrix': unreferenced local variable
C:\Users\MOMINUR\Desktop\Tanvir\texture\main.cpp(577,32): warning C4101: 'rotateXMatrix': unreferenced local variable
C:\Users\MOMINUR\Desktop\Tanvir\texture\main.cpp(577,62): warning C4101: 'rotateZMatrix': unreferenced local variable
C:\Users\MOMINUR\Desktop\Tanvir\texture\main.cpp(966,47): warning C4305: 'argument': truncation from 'double' to 'GLfloat'
C:\Users\MOMINUR\Desktop\Tanvir\texture\main.cpp(966,36): warning C4305: 'argument': truncation from 'double' to 'GLfloat'
C:\Users\MOMINUR\Desktop\Tanvir\texture\main.cpp(966,25): warning C4305: 'argument': truncation from 'double' to 'GLfloat'
C:\Users\MOMINUR\Desktop\Tanvir\texture\main.cpp(1055,27): warning C4305: '+=': truncation from 'double' to 'float'
C:\Users\MOMINUR\Desktop\Tanvir\texture\main.cpp(1056,29): warning C4244: '+=': conversion from 'double' to 'float', possible loss of data
C:\Users\MOMINUR\Desktop\Tanvir\texture\main.cpp(1100,67): warning C4244: 'argument': conversion from 'double' to 'float', possible loss of data
C:\Users\MOMINUR\Desktop\Tanvir\texture\main.cpp(1100,56): warning C4244: 'argument': conversion from 'double' to 'float', possible loss of data
C:\Users\MOMINUR\Desktop\Tanvir\texture\main.cpp(1100,46): warning C4305: 'argument': truncation from 'double' to 'float'
C:\Users\MOMINUR\Desktop\Tanvir\texture\main.cpp(1100,39): warning C4305: 'argument': truncation from 'double' to 'float'
C:\Users\MOMINUR\Desktop\Tanvir\texture\main.cpp(1100,33): warning C4305: 'argument': truncation from 'double' to 'float'
C:\Users\MOMINUR\Desktop\Tanvir\texture\main.cpp(1100,27): warning C4305: 'argument': truncation from 'double' to 'float'
C:\Users\MOMINUR\Desktop\Tanvir\texture\main.cpp(1116,25): warning C4305: 'argument': truncation from 'double' to 'float'
C:\Users\MOMINUR\Desktop\Tanvir\texture\main.cpp(1116,19): warning C4305: 'argument': truncation from 'double' to 'float'
C:\Users\MOMINUR\Desktop\Tanvir\texture\main.cpp(1118,34): warning C4305: 'argument': truncation from 'double' to 'float'
C:\Users\MOMINUR\Desktop\Tanvir\texture\main.cpp(1118,24): warning C4305: 'argument': truncation from 'double' to 'float'
C:\Users\MOMINUR\Desktop\Tanvir\texture\main.cpp(1118,18): warning C4305: 'argument': truncation from 'double' to 'float'
C:\Users\MOMINUR\Desktop\Tanvir\texture\main.cpp(1239,83): warning C4305: 'argument': truncation from 'double' to 'float'
C:\Users\MOMINUR\Desktop\Tanvir\texture\main.cpp(1239,74): warning C4305: 'argument': truncation from 'double' to 'float'
C:\Users\MOMINUR\Desktop\Tanvir\texture\main.cpp(1239,67): warning C4244: 'argument': conversion from 'double' to 'float', possible loss of data
C:\Users\MOMINUR\Desktop\Tanvir\texture\main.cpp(1239,42): warning C4244: 'argument': conversion from 'double' to 'float', possible loss of data
C:\Users\MOMINUR\Desktop\Tanvir\texture\main.cpp(1241,68): warning C4305: 'argument': truncation from 'double' to 'float'
C:\Users\MOMINUR\Desktop\Tanvir\texture\main.cpp(1241,55): warning C4305: 'argument': truncation from 'double' to 'float'
C:\Users\MOMINUR\Desktop\Tanvir\texture\main.cpp(1254,22): warning C4305: 'initializing': truncation from 'double' to 'float'
C:\Users\MOMINUR\Desktop\Tanvir\texture\main.cpp(1279,62): warning C4305: 'argument': truncation from 'double' to 'float'
C:\Users\MOMINUR\Desktop\Tanvir\texture\main.cpp(1279,47): warning C4305: 'argument': truncation from 'double' to 'float'
C:\Users\MOMINUR\Desktop\Tanvir\texture\main.cpp(1279,41): warning C4305: 'argument': truncation from 'double' to 'float'
C:\Users\MOMINUR\Desktop\Tanvir\texture\main.cpp(1279,36): warning C4305: 'argument': truncation from 'double' to 'float'
C:\Users\MOMINUR\Desktop\Tanvir\texture\main.cpp(1280,73): warning C4305: 'argument': truncation from 'double' to 'float'
C:\Users\MOMINUR\Desktop\Tanvir\texture\main.cpp(1280,61): warning C4305: 'argument': truncation from 'double' to 'float'
C:\Users\MOMINUR\Desktop\Tanvir\texture\main.cpp(1280,49): warning C4305: 'argument': truncation from 'double' to 'float'
C:\Users\MOMINUR\Desktop\Tanvir\texture\main.cpp(1282,62): warning C4305: 'argument': truncation from 'double' to 'float'
C:\Users\MOMINUR\Desktop\Tanvir\texture\main.cpp(1282,52): warning C4305: 'argument': truncation from 'double' to 'float'
C:\Users\MOMINUR\Desktop\Tanvir\texture\main.cpp(1282,47): warning C4305: 'argument': truncation from 'double' to 'float'
C:\Users\MOMINUR\Desktop\Tanvir\texture\main.cpp(1282,41): warning C4305: 'argument': truncation from 'double' to 'float'
C:\Users\MOMINUR\Desktop\Tanvir\texture\main.cpp(1283,73): warning C4305: 'argument': truncation from 'double' to 'float'
C:\Users\MOMINUR\Desktop\Tanvir\texture\main.cpp(1283,61): warning C4305: 'argument': truncation from 'double' to 'float'
C:\Users\MOMINUR\Desktop\Tanvir\texture\main.cpp(1283,49): warning C4305: 'argument': truncation from 'double' to 'float'
C:\Users\MOMINUR\Desktop\Tanvir\texture\main.cpp(1285,62): warning C4305: 'argument': truncation from 'double' to 'float'
C:\Users\MOMINUR\Desktop\Tanvir\texture\main.cpp(1285,52): warning C4305: 'argument': truncation from 'double' to 'float'
C:\Users\MOMINUR\Desktop\Tanvir\texture\main.cpp(1285,47): warning C4305: 'argument': truncation from 'double' to 'float'
C:\Users\MOMINUR\Desktop\Tanvir\texture\main.cpp(1285,41): warning C4305: 'argument': truncation from 'double' to 'float'
C:\Users\MOMINUR\Desktop\Tanvir\texture\main.cpp(1286,73): warning C4305: 'argument': truncation from 'double' to 'float'
C:\Users\MOMINUR\Desktop\Tanvir\texture\main.cpp(1286,61): warning C4305: 'argument': truncation from 'double' to 'float'
C:\Users\MOMINUR\Desktop\Tanvir\texture\main.cpp(1286,49): warning C4305: 'argument': truncation from 'double' to 'float'
C:\Users\MOMINUR\Desktop\Tanvir\texture\main.cpp(1293,69): warning C4305: 'argument': truncation from 'double' to 'float'
C:\Users\MOMINUR\Desktop\Tanvir\texture\main.cpp(1293,59): warning C4305: 'argument': truncation from 'double' to 'float'
C:\Users\MOMINUR\Desktop\Tanvir\texture\main.cpp(1293,49): warning C4305: 'argument': truncation from 'double' to 'float'
C:\Users\MOMINUR\Desktop\Tanvir\texture\main.cpp(1295,48): warning C4305: 'argument': truncation from 'double' to 'float'
C:\Users\MOMINUR\Desktop\Tanvir\texture\main.cpp(1295,42): warning C4305: 'argument': truncation from 'double' to 'float'
C:\Users\MOMINUR\Desktop\Tanvir\texture\main.cpp(1295,36): warning C4305: 'argument': truncation from 'double' to 'float'
C:\Users\MOMINUR\Desktop\Tanvir\texture\main.cpp(1296,73): warning C4305: 'argument': truncation from 'double' to 'float'
C:\Users\MOMINUR\Desktop\Tanvir\texture\main.cpp(1296,61): warning C4305: 'argument': truncation from 'double' to 'float'
C:\Users\MOMINUR\Desktop\Tanvir\texture\main.cpp(1296,49): warning C4305: 'argument': truncation from 'double' to 'float'
C:\Users\MOMINUR\Desktop\Tanvir\texture\main.cpp(1298,47): warning C4305: 'argument': truncation from 'double' to 'float'
C:\Users\MOMINUR\Desktop\Tanvir\texture\main.cpp(1298,41): warning C4305: 'argument': truncation from 'double' to 'float'
C:\Users\MOMINUR\Desktop\Tanvir\texture\main.cpp(1298,36): warning C4305: 'argument': truncation from 'double' to 'float'
C:\Users\MOMINUR\Desktop\Tanvir\texture\main.cpp(1299,73): warning C4305: 'argument': truncation from 'double' to 'float'
C:\Users\MOMINUR\Desktop\Tanvir\texture\main.cpp(1299,61): warning C4305: 'argument': truncation from 'double' to 'float'
C:\Users\MOMINUR\Desktop\Tanvir\texture\main.cpp(1299,49): warning C4305: 'argument': truncation from 'double' to 'float'
C:\Users\MOMINUR\Desktop\Tanvir\texture\main.cpp(1301,47): warning C4305: 'argument': truncation from 'double' to 'float'
C:\Users\MOMINUR\Desktop\Tanvir\texture\main.cpp(1301,41): warning C4305: 'argument': truncation from 'double' to 'float'
C:\Users\MOMINUR\Desktop\Tanvir\texture\main.cpp(1301,36): warning C4305: 'argument': truncation from 'double' to 'float'
C:\Users\MOMINUR\Desktop\Tanvir\texture\main.cpp(1289,32): warning C4101: 'rotateXMatrix': unreferenced local variable
C:\Users\MOMINUR\Desktop\Tanvir\texture\main.cpp(1289,62): warning C4101: 'rotateZMatrix': unreferenced local variable
C:\Users\MOMINUR\Desktop\Tanvir\texture\main.cpp(1289,47): warning C4101: 'rotateYMatrix': unreferenced local variable
C:\Users\MOMINUR\Desktop\Tanvir\texture\main.cpp(1320,69): warning C4305: 'argument': truncation from 'double' to 'float'
C:\Users\MOMINUR\Desktop\Tanvir\texture\main.cpp(1320,59): warning C4305: 'argument': truncation from 'double' to 'float'
C:\Users\MOMINUR\Desktop\Tanvir\texture\main.cpp(1320,49): warning C4305: 'argument': truncation from 'double' to 'float'
C:\Users\MOMINUR\Desktop\Tanvir\texture\main.cpp(1326,74): warning C4305: 'argument': truncation from 'double' to 'float'
C:\Users\MOMINUR\Desktop\Tanvir\texture\main.cpp(1326,62): warning C4305: 'argument': truncation from 'double' to 'float'
C:\Users\MOMINUR\Desktop\Tanvir\texture\main.cpp(1326,50): warning C4305: 'argument': truncation from 'double' to 'float'
C:\Users\MOMINUR\Desktop\Tanvir\texture\main.cpp(1332,74): warning C4305: 'argument': truncation from 'double' to 'float'
C:\Users\MOMINUR\Desktop\Tanvir\texture\main.cpp(1332,62): warning C4305: 'argument': truncation from 'double' to 'float'
C:\Users\MOMINUR\Desktop\Tanvir\texture\main.cpp(1332,50): warning C4305: 'argument': truncation from 'double' to 'float'
C:\Users\MOMINUR\Desktop\Tanvir\texture\main.cpp(1335,53): warning C4305: 'argument': truncation from 'double' to 'float'
C:\Users\MOMINUR\Desktop\Tanvir\texture\main.cpp(1335,47): warning C4305: 'argument': truncation from 'double' to 'float'
C:\Users\MOMINUR\Desktop\Tanvir\texture\main.cpp(1335,41): warning C4305: 'argument': truncation from 'double' to 'float'
C:\Users\MOMINUR\Desktop\Tanvir\texture\main.cpp(1335,36): warning C4305: 'argument': truncation from 'double' to 'float'
C:\Users\MOMINUR\Desktop\Tanvir\texture\main.cpp(1316,32): warning C4101: 'rotateXMatrix': unreferenced local variable
C:\Users\MOMINUR\Desktop\Tanvir\texture\main.cpp(1316,62): warning C4101: 'rotateZMatrix': unreferenced local variable
C:\Users\MOMINUR\Desktop\Tanvir\texture\main.cpp(1316,47): warning C4101: 'rotateYMatrix': unreferenced local variable
C:\Users\MOMINUR\Desktop\Tanvir\texture\main.cpp(1344,22): warning C4305: 'initializing': truncation from 'double' to 'float'
C:\Users\MOMINUR\Desktop\Tanvir\texture\main.cpp(1354,73): warning C4305: 'argument': truncation from 'double' to 'float'
C:\Users\MOMINUR\Desktop\Tanvir\texture\main.cpp(1354,61): warning C4305: 'argument': truncation from 'double' to 'float'
C:\Users\MOMINUR\Desktop\Tanvir\texture\main.cpp(1354,49): warning C4305: 'argument': truncation from 'double' to 'float'
C:\Users\MOMINUR\Desktop\Tanvir\texture\main.cpp(1356,18): warning C4305: '=': truncation from 'double' to 'float'
C:\Users\MOMINUR\Desktop\Tanvir\texture\main.cpp(1357,13): warning C4305: '=': truncation from 'double' to 'float'
C:\Users\MOMINUR\Desktop\Tanvir\texture\main.cpp(1380,78): warning C4305: 'argument': truncation from 'double' to 'float'
C:\Users\MOMINUR\Desktop\Tanvir\texture\main.cpp(1380,65): warning C4305: 'argument': truncation from 'double' to 'float'
C:\Users\MOMINUR\Desktop\Tanvir\texture\main.cpp(1384,18): warning C4305: '=': truncation from 'double' to 'float'
C:\Users\MOMINUR\Desktop\Tanvir\texture\main.cpp(1385,13): warning C4305: '=': truncation from 'double' to 'float'
C:\Users\MOMINUR\Desktop\Tanvir\texture\main.cpp(1386,14): warning C4305: '=': truncation from 'double' to 'float'
C:\Users\MOMINUR\Desktop\Tanvir\texture\main.cpp(1400,58): warning C4305: 'argument': truncation from 'double' to 'float'
C:\Users\MOMINUR\Desktop\Tanvir\texture\main.cpp(1400,53): warning C4305: 'argument': truncation from 'double' to 'float'
C:\Users\MOMINUR\Desktop\Tanvir\texture\main.cpp(1400,46): warning C4305: 'argument': truncation from 'double' to 'float'
C:\Users\MOMINUR\Desktop\Tanvir\texture\main.cpp(1400,41): warning C4305: 'argument': truncation from 'double' to 'float'
C:\Users\MOMINUR\Desktop\Tanvir\texture\main.cpp(1400,36): warning C4305: 'argument': truncation from 'double' to 'float'
C:\Users\MOMINUR\Desktop\Tanvir\texture\main.cpp(1406,58): warning C4305: 'argument': truncation from 'double' to 'float'
C:\Users\MOMINUR\Desktop\Tanvir\texture\main.cpp(1406,48): warning C4305: 'argument': truncation from 'double' to 'float'
C:\Users\MOMINUR\Desktop\Tanvir\texture\main.cpp(1406,36): warning C4305: 'argument': truncation from 'double' to 'float'
C:\Users\MOMINUR\Desktop\Tanvir\texture\main.cpp(1411,64): warning C4305: 'argument': truncation from 'double' to 'float'
C:\Users\MOMINUR\Desktop\Tanvir\texture\main.cpp(1411,52): warning C4305: 'argument': truncation from 'double' to 'float'
C:\Users\MOMINUR\Desktop\Tanvir\texture\main.cpp(1411,47): warning C4305: 'argument': truncation from 'double' to 'float'
C:\Users\MOMINUR\Desktop\Tanvir\texture\main.cpp(1411,41): warning C4305: 'argument': truncation from 'double' to 'float'
C:\Users\MOMINUR\Desktop\Tanvir\texture\main.cpp(1411,36): warning C4305: 'argument': truncation from 'double' to 'float'
C:\Users\MOMINUR\Desktop\Tanvir\texture\main.cpp(1376,36): warning C4101: 'rotateXMatrix': unreferenced local variable
C:\Users\MOMINUR\Desktop\Tanvir\texture\main.cpp(1376,66): warning C4101: 'rotateZMatrix': unreferenced local variable
C:\Users\MOMINUR\Desktop\Tanvir\texture\main.cpp(1376,51): warning C4101: 'rotateYMatrix': unreferenced local variable
C:\Users\MOMINUR\Desktop\Tanvir\texture\main.cpp(1419,22): warning C4305: 'initializing': truncation from 'double' to 'float'
C:\Users\MOMINUR\Desktop\Tanvir\texture\main.cpp(1421,18): warning C4305: 'initializing': truncation from 'double' to 'float'
C:\Users\MOMINUR\Desktop\Tanvir\texture\main.cpp(1431,77): warning C4305: 'argument': truncation from 'double' to 'float'
C:\Users\MOMINUR\Desktop\Tanvir\texture\main.cpp(1431,65): warning C4305: 'argument': truncation from 'double' to 'float'
C:\Users\MOMINUR\Desktop\Tanvir\texture\main.cpp(1431,53): warning C4305: 'argument': truncation from 'double' to 'float'
C:\Users\MOMINUR\Desktop\Tanvir\texture\main.cpp(1441,76): warning C4305: 'argument': truncation from 'double' to 'float'
C:\Users\MOMINUR\Desktop\Tanvir\texture\main.cpp(1441,65): warning C4305: 'argument': truncation from 'double' to 'float'
C:\Users\MOMINUR\Desktop\Tanvir\texture\main.cpp(1441,54): warning C4305: 'argument': truncation from 'double' to 'float'
C:\Users\MOMINUR\Desktop\Tanvir\texture\main.cpp(1437,36): warning C4101: 'rotateXMatrix': unreferenced local variable
C:\Users\MOMINUR\Desktop\Tanvir\texture\main.cpp(1437,66): warning C4101: 'rotateZMatrix': unreferenced local variable
C:\Users\MOMINUR\Desktop\Tanvir\texture\main.cpp(1437,51): warning C4101: 'rotateYMatrix': unreferenced local variable
C:\Users\MOMINUR\Desktop\Tanvir\texture\main.cpp(1452,22): warning C4305: 'initializing': truncation from 'double' to 'float'
C:\Users\MOMINUR\Desktop\Tanvir\texture\main.cpp(1454,18): warning C4305: 'initializing': truncation from 'double' to 'float'
C:\Users\MOMINUR\Desktop\Tanvir\texture\main.cpp(1463,73): warning C4305: 'argument': truncation from 'double' to 'float'
C:\Users\MOMINUR\Desktop\Tanvir\texture\main.cpp(1463,61): warning C4305: 'argument': truncation from 'double' to 'float'
C:\Users\MOMINUR\Desktop\Tanvir\texture\main.cpp(1463,49): warning C4305: 'argument': truncation from 'double' to 'float'
C:\Users\MOMINUR\Desktop\Tanvir\texture\main.cpp(1466,18): warning C4305: '=': truncation from 'double' to 'float'
C:\Users\MOMINUR\Desktop\Tanvir\texture\main.cpp(1488,22): warning C4305: 'initializing': truncation from 'double' to 'float'
C:\Users\MOMINUR\Desktop\Tanvir\texture\main.cpp(1511,22): warning C4305: 'initializing': truncation from 'double' to 'float'
C:\Users\MOMINUR\Desktop\Tanvir\texture\main.cpp(1512,17): warning C4305: 'initializing': truncation from 'double' to 'float'
C:\Users\MOMINUR\Desktop\Tanvir\texture\main.cpp(1513,18): warning C4305: 'initializing': truncation from 'double' to 'float'
C:\Users\MOMINUR\Desktop\Tanvir\texture\main.cpp(1522,73): warning C4305: 'argument': truncation from 'double' to 'float'
C:\Users\MOMINUR\Desktop\Tanvir\texture\main.cpp(1522,61): warning C4305: 'argument': truncation from 'double' to 'float'
C:\Users\MOMINUR\Desktop\Tanvir\texture\main.cpp(1522,49): warning C4305: 'argument': truncation from 'double' to 'float'
C:\Users\MOMINUR\Desktop\Tanvir\texture\main.cpp(1530,73): warning C4305: 'argument': truncation from 'double' to 'float'
C:\Users\MOMINUR\Desktop\Tanvir\texture\main.cpp(1530,61): warning C4305: 'argument': truncation from 'double' to 'float'
C:\Users\MOMINUR\Desktop\Tanvir\texture\main.cpp(1530,49): warning C4305: 'argument': truncation from 'double' to 'float'
C:\Users\MOMINUR\Desktop\Tanvir\texture\main.cpp(1532,18): warning C4305: '=': truncation from 'double' to 'float'
C:\Users\MOMINUR\Desktop\Tanvir\texture\main.cpp(1534,14): warning C4305: '=': truncation from 'double' to 'float'
C:\Users\MOMINUR\Desktop\Tanvir\texture\main.cpp(1547,13): warning C4305: '=': truncation from 'double' to 'float'
C:\Users\MOMINUR\Desktop\Tanvir\texture\main.cpp(1548,14): warning C4305: '=': truncation from 'double' to 'float'
C:\Users\MOMINUR\Desktop\Tanvir\texture\main.cpp(1562,18): warning C4305: '=': truncation from 'double' to 'float'
C:\Users\MOMINUR\Desktop\Tanvir\texture\main.cpp(1563,13): warning C4305: '=': truncation from 'double' to 'float'
C:\Users\MOMINUR\Desktop\Tanvir\texture\main.cpp(1564,14): warning C4305: '=': truncation from 'double' to 'float'
C:\Users\MOMINUR\Desktop\Tanvir\texture\main.cpp(1582,22): warning C4305: 'initializing': truncation from 'double' to 'float'
C:\Users\MOMINUR\Desktop\Tanvir\texture\main.cpp(1593,73): warning C4305: 'argument': truncation from 'double' to 'float'
C:\Users\MOMINUR\Desktop\Tanvir\texture\main.cpp(1593,61): warning C4305: 'argument': truncation from 'double' to 'float'
C:\Users\MOMINUR\Desktop\Tanvir\texture\main.cpp(1593,49): warning C4305: 'argument': truncation from 'double' to 'float'
C:\Users\MOMINUR\Desktop\Tanvir\texture\main.cpp(1596,18): warning C4305: '=': truncation from 'double' to 'float'
C:\Users\MOMINUR\Desktop\Tanvir\texture\main.cpp(1597,13): warning C4305: '=': truncation from 'double' to 'float'
C:\Users\MOMINUR\Desktop\Tanvir\texture\main.cpp(1598,14): warning C4305: '=': truncation from 'double' to 'float'
C:\Users\MOMINUR\Desktop\Tanvir\texture\main.cpp(1609,65): warning C4305: 'argument': truncation from 'double' to 'float'
C:\Users\MOMINUR\Desktop\Tanvir\texture\main.cpp(1617,65): warning C4305: 'argument': truncation from 'double' to 'float'
C:\Users\MOMINUR\Desktop\Tanvir\texture\main.cpp(1621,18): warning C4305: '=': truncation from 'double' to 'float'
C:\Users\MOMINUR\Desktop\Tanvir\texture\main.cpp(1623,14): warning C4305: '=': truncation from 'double' to 'float'
C:\Users\MOMINUR\Desktop\Tanvir\texture\main.cpp(1634,61): warning C4305: 'argument': truncation from 'double' to 'float'
C:\Users\MOMINUR\Desktop\Tanvir\texture\main.cpp(1638,18): warning C4305: '=': truncation from 'double' to 'float'
C:\Users\MOMINUR\Desktop\Tanvir\texture\main.cpp(1647,73): warning C4305: 'argument': truncation from 'double' to 'float'
C:\Users\MOMINUR\Desktop\Tanvir\texture\main.cpp(1647,61): warning C4305: 'argument': truncation from 'double' to 'float'
C:\Users\MOMINUR\Desktop\Tanvir\texture\main.cpp(1647,49): warning C4305: 'argument': truncation from 'double' to 'float'
C:\Users\MOMINUR\Desktop\Tanvir\texture\main.cpp(1655,22): warning C4305: 'initializing': truncation from 'double' to 'float'
C:\Users\MOMINUR\Desktop\Tanvir\texture\main.cpp(1656,17): warning C4305: 'initializing': truncation from 'double' to 'float'
C:\Users\MOMINUR\Desktop\Tanvir\texture\main.cpp(1703,22): warning C4305: 'initializing': truncation from 'double' to 'float'
C:\Users\MOMINUR\Desktop\Tanvir\texture\main.cpp(1704,17): warning C4305: 'initializing': truncation from 'double' to 'float'
C:\Users\MOMINUR\Desktop\Tanvir\texture\main.cpp(1787,13): warning C4305: 'initializing': truncation from 'double' to 'float'
C:\Users\MOMINUR\Desktop\Tanvir\texture\main.cpp(1787,30): warning C4305: 'initializing': truncation from 'double' to 'float'
C:\Users\MOMINUR\Desktop\Tanvir\texture\main.cpp(1787,47): warning C4305: 'initializing': truncation from 'double' to 'float'
C:\Users\MOMINUR\Desktop\Tanvir\texture\main.cpp(1805,13): warning C4305: 'initializing': truncation from 'double' to 'float'
C:\Users\MOMINUR\Desktop\Tanvir\texture\main.cpp(1805,30): warning C4305: 'initializing': truncation from 'double' to 'float'
C:\Users\MOMINUR\Desktop\Tanvir\texture\main.cpp(1805,47): warning C4305: 'initializing': truncation from 'double' to 'float'
C:\Users\MOMINUR\Desktop\Tanvir\texture\main.cpp(1806,28): warning C4305: 'argument': truncation from 'double' to 'float'
C:\Users\MOMINUR\Desktop\Tanvir\texture\main.cpp(1843,47): warning C4305: '-=': truncation from 'double' to 'float'
C:\Users\MOMINUR\Desktop\Tanvir\texture\main.cpp(1844,52): warning C4305: '-=': truncation from 'double' to 'float'
C:\Users\MOMINUR\Desktop\Tanvir\texture\main.cpp(1845,34): warning C4305: '-=': truncation from 'double' to 'float'
C:\Users\MOMINUR\Desktop\Tanvir\texture\main.cpp(1847,75): warning C4305: '+=': truncation from 'double' to 'float'
C:\Users\MOMINUR\Desktop\Tanvir\texture\main.cpp(1848,75): warning C4305: '-=': truncation from 'double' to 'float'
C:\Users\MOMINUR\Desktop\Tanvir\texture\main.cpp(1849,75): warning C4305: '+=': truncation from 'double' to 'float'
C:\Users\MOMINUR\Desktop\Tanvir\texture\main.cpp(1850,75): warning C4305: '-=': truncation from 'double' to 'float'
C:\Users\MOMINUR\Desktop\Tanvir\texture\main.cpp(1851,75): warning C4305: '+=': truncation from 'double' to 'float'
C:\Users\MOMINUR\Desktop\Tanvir\texture\main.cpp(1862,29): warning C4305: '+=': truncation from 'double' to 'float'
C:\Users\MOMINUR\Desktop\Tanvir\texture\main.cpp(1876,29): warning C4305: '+=': truncation from 'double' to 'float'
C:\Users\MOMINUR\Desktop\Tanvir\texture\main.cpp(1885,21): warning C4244: '-=': conversion from 'double' to 'float', possible loss of data
C:\Users\MOMINUR\Desktop\Tanvir\texture\main.cpp(1890,21): warning C4244: '+=': conversion from 'double' to 'float', possible loss of data
C:\Users\MOMINUR\Desktop\Tanvir\texture\main.cpp(1901,23): warning C4305: '+=': truncation from 'double' to 'float'
C:\Users\MOMINUR\Desktop\Tanvir\texture\main.cpp(1911,23): warning C4305: '-=': truncation from 'double' to 'float'
C:\Users\MOMINUR\Desktop\Tanvir\texture\main.cpp(1922,26): warning C4305: '+=': truncation from 'double' to 'float'
C:\Users\MOMINUR\Desktop\Tanvir\texture\main.cpp(1934,26): warning C4305: '-=': truncation from 'double' to 'float'
C:\Users\MOMINUR\Desktop\Tanvir\texture\main.cpp(1992,22): warning C4305: '+=': truncation from 'double' to 'float'
C:\Users\MOMINUR\Desktop\Tanvir\texture\main.cpp(1993,24): warning C4305: '+=': truncation from 'double' to 'float'
C:\Users\MOMINUR\Desktop\Tanvir\texture\main.cpp(2010,24): warning C4305: '-=': truncation from 'double' to 'float'
C:\Users\MOMINUR\Desktop\Tanvir\texture\main.cpp(2011,25): warning C4305: '+=': truncation from 'double' to 'float'
C:\Users\MOMINUR\Desktop\Tanvir\texture\main.cpp(2016,24): warning C4305: '-=': truncation from 'double' to 'float'
C:\Users\MOMINUR\Desktop\Tanvir\texture\main.cpp(2017,25): warning C4305: '-=': truncation from 'double' to 'float'
C:\Users\MOMINUR\Desktop\Tanvir\texture\main.cpp(2018,24): warning C4305: '-=': truncation from 'double' to 'float'
C:\Users\MOMINUR\Desktop\Tanvir\texture\main.cpp(2022,20): warning C4305: '=': truncation from 'double' to 'float'
C:\Users\MOMINUR\Desktop\Tanvir\texture\main.cpp(2037,24): warning C4305: '+=': truncation from 'double' to 'float'
C:\Users\MOMINUR\Desktop\Tanvir\texture\main.cpp(2038,25): warning C4305: '+=': truncation from 'double' to 'float'
C:\Users\MOMINUR\Desktop\Tanvir\texture\main.cpp(2043,24): warning C4305: '+=': truncation from 'double' to 'float'
C:\Users\MOMINUR\Desktop\Tanvir\texture\main.cpp(2044,25): warning C4305: '-=': truncation from 'double' to 'float'
C:\Users\MOMINUR\Desktop\Tanvir\texture\main.cpp(2064,23): warning C4305: '-=': truncation from 'double' to 'float'
C:\Users\MOMINUR\Desktop\Tanvir\texture\main.cpp(2195,33): warning C4305: 'initializing': truncation from 'double' to 'float'
C:\Users\MOMINUR\Desktop\Tanvir\texture\main.cpp(2198,14): warning C4305: 'initializing': truncation from 'double' to 'float'
C:\Users\MOMINUR\Desktop\Tanvir\texture\main.cpp(2208,25): warning C4244: '=': conversion from 'double' to 'float', possible loss of data
C:\Users\MOMINUR\Desktop\Tanvir\texture\main.cpp(2214,19): warning C4244: '=': conversion from 'double' to 'float', possible loss of data
C:\Users\MOMINUR\Desktop\Tanvir\texture\main.cpp(2215,19): warning C4244: '=': conversion from 'double' to 'float', possible loss of data
  Lighting.vcxproj -> C:\Users\MOMINUR\Desktop\Tanvir\texture\x64\Debug\Lighting.exe
